{"/Users/liutianyuan/Desktop/cs5356/cuisine/cuisine/models/index.js":{"path":"/Users/liutianyuan/Desktop/cs5356/cuisine/cuisine/models/index.js","s":{"1":1,"2":1,"3":1,"4":1,"5":1,"6":1,"7":1,"8":4,"9":3,"10":3,"11":1,"12":3,"13":2,"14":1,"15":1,"16":1},"b":{"1":[4,4],"2":[2,1]},"f":{"1":4,"2":3,"3":3},"fnMap":{"1":{"name":"(anonymous_1)","line":14,"loc":{"start":{"line":14,"column":12},"end":{"line":14,"column":27}}},"2":{"name":"(anonymous_2)","line":17,"loc":{"start":{"line":17,"column":13},"end":{"line":17,"column":28}}},"3":{"name":"(anonymous_3)","line":22,"loc":{"start":{"line":22,"column":24},"end":{"line":22,"column":44}}}},"statementMap":{"1":{"start":{"line":5,"column":0},"end":{"line":5,"column":37}},"2":{"start":{"line":6,"column":0},"end":{"line":6,"column":30}},"3":{"start":{"line":7,"column":0},"end":{"line":7,"column":32}},"4":{"start":{"line":8,"column":0},"end":{"line":8,"column":42}},"5":{"start":{"line":9,"column":0},"end":{"line":9,"column":86}},"6":{"start":{"line":10,"column":0},"end":{"line":10,"column":19}},"7":{"start":{"line":12,"column":0},"end":{"line":20,"column":7}},"8":{"start":{"line":15,"column":8},"end":{"line":15,"column":66}},"9":{"start":{"line":18,"column":8},"end":{"line":18,"column":65}},"10":{"start":{"line":19,"column":8},"end":{"line":19,"column":31}},"11":{"start":{"line":22,"column":0},"end":{"line":26,"column":3}},"12":{"start":{"line":23,"column":4},"end":{"line":25,"column":5}},"13":{"start":{"line":24,"column":8},"end":{"line":24,"column":36}},"14":{"start":{"line":29,"column":0},"end":{"line":29,"column":25}},"15":{"start":{"line":30,"column":0},"end":{"line":30,"column":25}},"16":{"start":{"line":32,"column":0},"end":{"line":32,"column":20}}},"branchMap":{"1":{"line":15,"type":"binary-expr","locations":[{"start":{"line":15,"column":16},"end":{"line":15,"column":39}},{"start":{"line":15,"column":45},"end":{"line":15,"column":64}}]},"2":{"line":23,"type":"if","locations":[{"start":{"line":23,"column":4},"end":{"line":23,"column":4}},{"start":{"line":23,"column":4},"end":{"line":23,"column":4}}]}}},"/Users/liutianyuan/Desktop/cs5356/cuisine/cuisine/config.js":{"path":"/Users/liutianyuan/Desktop/cs5356/cuisine/cuisine/config.js","s":{"1":1,"2":1},"b":{},"f":{},"fnMap":{},"statementMap":{"1":{"start":{"line":4,"column":0},"end":{"line":19,"column":2}},"2":{"start":{"line":21,"column":0},"end":{"line":21,"column":24}}},"branchMap":{}},"/Users/liutianyuan/Desktop/cs5356/cuisine/cuisine/models/Dish.js":{"path":"/Users/liutianyuan/Desktop/cs5356/cuisine/cuisine/models/Dish.js","s":{"1":1,"2":1,"3":1,"4":1},"b":{},"f":{"1":1,"2":1},"fnMap":{"1":{"name":"(anonymous_1)","line":6,"loc":{"start":{"line":6,"column":17},"end":{"line":6,"column":48}}},"2":{"name":"(anonymous_2)","line":12,"loc":{"start":{"line":12,"column":23},"end":{"line":12,"column":41}}}},"statementMap":{"1":{"start":{"line":6,"column":0},"end":{"line":22,"column":2}},"2":{"start":{"line":7,"column":4},"end":{"line":20,"column":6}},"3":{"start":{"line":14,"column":16},"end":{"line":16,"column":19}},"4":{"start":{"line":21,"column":4},"end":{"line":21,"column":16}}},"branchMap":{}},"/Users/liutianyuan/Desktop/cs5356/cuisine/cuisine/models/FavoriteDish.js":{"path":"/Users/liutianyuan/Desktop/cs5356/cuisine/cuisine/models/FavoriteDish.js","s":{"1":1,"2":1,"3":1},"b":{},"f":{"1":1},"fnMap":{"1":{"name":"(anonymous_1)","line":6,"loc":{"start":{"line":6,"column":17},"end":{"line":6,"column":48}}}},"statementMap":{"1":{"start":{"line":6,"column":0},"end":{"line":11,"column":2}},"2":{"start":{"line":7,"column":4},"end":{"line":9,"column":7}},"3":{"start":{"line":10,"column":4},"end":{"line":10,"column":24}}},"branchMap":{}},"/Users/liutianyuan/Desktop/cs5356/cuisine/cuisine/models/User.js":{"path":"/Users/liutianyuan/Desktop/cs5356/cuisine/cuisine/models/User.js","s":{"1":1,"2":1,"3":1,"4":1},"b":{},"f":{"1":1,"2":1},"fnMap":{"1":{"name":"(anonymous_1)","line":6,"loc":{"start":{"line":6,"column":17},"end":{"line":6,"column":48}}},"2":{"name":"(anonymous_2)","line":14,"loc":{"start":{"line":14,"column":22},"end":{"line":14,"column":40}}}},"statementMap":{"1":{"start":{"line":6,"column":0},"end":{"line":24,"column":2}},"2":{"start":{"line":7,"column":4},"end":{"line":22,"column":6}},"3":{"start":{"line":16,"column":16},"end":{"line":18,"column":19}},"4":{"start":{"line":23,"column":4},"end":{"line":23,"column":16}}},"branchMap":{}},"/Users/liutianyuan/Desktop/cs5356/cuisine/cuisine/controllers/DishController.js":{"path":"/Users/liutianyuan/Desktop/cs5356/cuisine/cuisine/controllers/DishController.js","s":{"1":1,"2":1,"3":1,"4":1,"5":0,"6":0,"7":0,"8":0,"9":0,"10":0,"11":0,"12":1,"13":0,"14":0,"15":0,"16":0,"17":0,"18":0,"19":0,"20":0,"21":0,"22":0,"23":1,"24":0,"25":0,"26":0,"27":0,"28":0,"29":0,"30":0,"31":0},"b":{"1":[0,0],"2":[0,0],"3":[0,0],"4":[0,0],"5":[0,0],"6":[0,0],"7":[0,0]},"f":{"1":0,"2":0,"3":0,"4":0,"5":0,"6":0,"7":0,"8":0,"9":0},"fnMap":{"1":{"name":"(anonymous_1)","line":8,"loc":{"start":{"line":8,"column":19},"end":{"line":8,"column":48}}},"2":{"name":"(anonymous_2)","line":14,"loc":{"start":{"line":14,"column":16},"end":{"line":14,"column":32}}},"3":{"name":"(anonymous_3)","line":21,"loc":{"start":{"line":21,"column":24},"end":{"line":21,"column":41}}},"4":{"name":"(anonymous_4)","line":31,"loc":{"start":{"line":31,"column":25},"end":{"line":31,"column":43}}},"5":{"name":"(anonymous_5)","line":38,"loc":{"start":{"line":38,"column":12},"end":{"line":38,"column":26}}},"6":{"name":"(anonymous_6)","line":49,"loc":{"start":{"line":49,"column":20},"end":{"line":49,"column":34}}},"7":{"name":"(anonymous_7)","line":67,"loc":{"start":{"line":67,"column":22},"end":{"line":67,"column":39}}},"8":{"name":"(anonymous_8)","line":73,"loc":{"start":{"line":73,"column":12},"end":{"line":73,"column":26}}},"9":{"name":"(anonymous_9)","line":80,"loc":{"start":{"line":80,"column":34},"end":{"line":80,"column":50}}}},"statementMap":{"1":{"start":{"line":4,"column":0},"end":{"line":4,"column":35}},"2":{"start":{"line":5,"column":0},"end":{"line":5,"column":23}},"3":{"start":{"line":6,"column":0},"end":{"line":6,"column":23}},"4":{"start":{"line":8,"column":0},"end":{"line":29,"column":2}},"5":{"start":{"line":9,"column":4},"end":{"line":28,"column":5}},"6":{"start":{"line":10,"column":8},"end":{"line":25,"column":11}},"7":{"start":{"line":15,"column":12},"end":{"line":24,"column":13}},"8":{"start":{"line":16,"column":16},"end":{"line":16,"column":52}},"9":{"start":{"line":18,"column":16},"end":{"line":23,"column":19}},"10":{"start":{"line":22,"column":20},"end":{"line":22,"column":33}},"11":{"start":{"line":27,"column":8},"end":{"line":27,"column":55}},"12":{"start":{"line":31,"column":0},"end":{"line":65,"column":2}},"13":{"start":{"line":32,"column":4},"end":{"line":32,"column":35}},"14":{"start":{"line":33,"column":4},"end":{"line":33,"column":39}},"15":{"start":{"line":34,"column":4},"end":{"line":64,"column":7}},"16":{"start":{"line":39,"column":8},"end":{"line":63,"column":9}},"17":{"start":{"line":40,"column":12},"end":{"line":43,"column":15}},"18":{"start":{"line":45,"column":12},"end":{"line":62,"column":15}},"19":{"start":{"line":50,"column":16},"end":{"line":61,"column":17}},"20":{"start":{"line":51,"column":20},"end":{"line":54,"column":23}},"21":{"start":{"line":56,"column":20},"end":{"line":56,"column":39}},"22":{"start":{"line":57,"column":20},"end":{"line":60,"column":23}},"23":{"start":{"line":67,"column":0},"end":{"line":96,"column":2}},"24":{"start":{"line":68,"column":4},"end":{"line":68,"column":36}},"25":{"start":{"line":69,"column":4},"end":{"line":94,"column":7}},"26":{"start":{"line":74,"column":8},"end":{"line":93,"column":9}},"27":{"start":{"line":75,"column":12},"end":{"line":78,"column":15}},"28":{"start":{"line":80,"column":12},"end":{"line":92,"column":15}},"29":{"start":{"line":81,"column":16},"end":{"line":91,"column":17}},"30":{"start":{"line":82,"column":20},"end":{"line":85,"column":23}},"31":{"start":{"line":87,"column":20},"end":{"line":90,"column":23}}},"branchMap":{"1":{"line":9,"type":"if","locations":[{"start":{"line":9,"column":4},"end":{"line":9,"column":4}},{"start":{"line":9,"column":4},"end":{"line":9,"column":4}}]},"2":{"line":9,"type":"binary-expr","locations":[{"start":{"line":9,"column":7},"end":{"line":9,"column":23}},{"start":{"line":9,"column":25},"end":{"line":9,"column":40}}]},"3":{"line":15,"type":"if","locations":[{"start":{"line":15,"column":12},"end":{"line":15,"column":12}},{"start":{"line":15,"column":12},"end":{"line":15,"column":12}}]},"4":{"line":39,"type":"if","locations":[{"start":{"line":39,"column":8},"end":{"line":39,"column":8}},{"start":{"line":39,"column":8},"end":{"line":39,"column":8}}]},"5":{"line":50,"type":"if","locations":[{"start":{"line":50,"column":16},"end":{"line":50,"column":16}},{"start":{"line":50,"column":16},"end":{"line":50,"column":16}}]},"6":{"line":74,"type":"if","locations":[{"start":{"line":74,"column":8},"end":{"line":74,"column":8}},{"start":{"line":74,"column":8},"end":{"line":74,"column":8}}]},"7":{"line":81,"type":"if","locations":[{"start":{"line":81,"column":16},"end":{"line":81,"column":16}},{"start":{"line":81,"column":16},"end":{"line":81,"column":16}}]}}},"/Users/liutianyuan/Desktop/cs5356/cuisine/cuisine/app.js":{"path":"/Users/liutianyuan/Desktop/cs5356/cuisine/cuisine/app.js","s":{"1":1,"2":1,"3":1,"4":1,"5":1,"6":1,"7":1,"8":1,"9":1,"10":1,"11":1,"12":1,"13":0,"14":0,"15":0,"16":1,"17":1,"18":1,"19":1,"20":1,"21":1,"22":1,"23":1,"24":1,"25":1,"26":0,"27":0,"28":0,"29":1,"30":1,"31":0,"32":0,"33":1,"34":0,"35":0,"36":1},"b":{"1":[1,0],"2":[0,0],"3":[0,0]},"f":{"1":0,"2":0,"3":0,"4":0},"fnMap":{"1":{"name":"(anonymous_1)","line":16,"loc":{"start":{"line":16,"column":8},"end":{"line":16,"column":33}}},"2":{"name":"(anonymous_2)","line":38,"loc":{"start":{"line":38,"column":8},"end":{"line":38,"column":33}}},"3":{"name":"(anonymous_3)","line":49,"loc":{"start":{"line":49,"column":10},"end":{"line":49,"column":40}}},"4":{"name":"(anonymous_4)","line":60,"loc":{"start":{"line":60,"column":8},"end":{"line":60,"column":38}}}},"statementMap":{"1":{"start":{"line":1,"column":0},"end":{"line":1,"column":33}},"2":{"start":{"line":2,"column":0},"end":{"line":2,"column":31}},"3":{"start":{"line":3,"column":0},"end":{"line":3,"column":40}},"4":{"start":{"line":4,"column":0},"end":{"line":4,"column":23}},"5":{"start":{"line":5,"column":0},"end":{"line":5,"column":31}},"6":{"start":{"line":7,"column":0},"end":{"line":7,"column":20}},"7":{"start":{"line":9,"column":0},"end":{"line":9,"column":84}},"8":{"start":{"line":11,"column":0},"end":{"line":11,"column":55}},"9":{"start":{"line":13,"column":0},"end":{"line":13,"column":23}},"10":{"start":{"line":14,"column":0},"end":{"line":14,"column":27}},"11":{"start":{"line":15,"column":0},"end":{"line":15,"column":52}},"12":{"start":{"line":16,"column":0},"end":{"line":20,"column":3}},"13":{"start":{"line":17,"column":2},"end":{"line":17,"column":52}},"14":{"start":{"line":18,"column":2},"end":{"line":18,"column":96}},"15":{"start":{"line":19,"column":2},"end":{"line":19,"column":9}},"16":{"start":{"line":22,"column":0},"end":{"line":22,"column":51}},"17":{"start":{"line":24,"column":0},"end":{"line":24,"column":35}},"18":{"start":{"line":25,"column":0},"end":{"line":25,"column":44}},"19":{"start":{"line":26,"column":0},"end":{"line":26,"column":62}},"20":{"start":{"line":28,"column":0},"end":{"line":28,"column":45}},"21":{"start":{"line":29,"column":0},"end":{"line":29,"column":67}},"22":{"start":{"line":31,"column":0},"end":{"line":31,"column":51}},"23":{"start":{"line":32,"column":0},"end":{"line":32,"column":42}},"24":{"start":{"line":34,"column":0},"end":{"line":34,"column":38}},"25":{"start":{"line":38,"column":0},"end":{"line":42,"column":3}},"26":{"start":{"line":39,"column":2},"end":{"line":39,"column":35}},"27":{"start":{"line":40,"column":2},"end":{"line":40,"column":19}},"28":{"start":{"line":41,"column":2},"end":{"line":41,"column":12}},"29":{"start":{"line":48,"column":0},"end":{"line":56,"column":1}},"30":{"start":{"line":49,"column":2},"end":{"line":55,"column":5}},"31":{"start":{"line":50,"column":4},"end":{"line":50,"column":34}},"32":{"start":{"line":51,"column":4},"end":{"line":54,"column":7}},"33":{"start":{"line":60,"column":0},"end":{"line":66,"column":3}},"34":{"start":{"line":61,"column":2},"end":{"line":61,"column":32}},"35":{"start":{"line":62,"column":2},"end":{"line":65,"column":5}},"36":{"start":{"line":69,"column":0},"end":{"line":69,"column":21}}},"branchMap":{"1":{"line":48,"type":"if","locations":[{"start":{"line":48,"column":0},"end":{"line":48,"column":0}},{"start":{"line":48,"column":0},"end":{"line":48,"column":0}}]},"2":{"line":50,"type":"binary-expr","locations":[{"start":{"line":50,"column":15},"end":{"line":50,"column":25}},{"start":{"line":50,"column":29},"end":{"line":50,"column":32}}]},"3":{"line":61,"type":"binary-expr","locations":[{"start":{"line":61,"column":13},"end":{"line":61,"column":23}},{"start":{"line":61,"column":27},"end":{"line":61,"column":30}}]}}},"/Users/liutianyuan/Desktop/cs5356/cuisine/cuisine/controllers/UserController.js":{"path":"/Users/liutianyuan/Desktop/cs5356/cuisine/cuisine/controllers/UserController.js","s":{"1":1,"2":1,"3":1,"4":1,"5":1,"6":0,"7":0,"8":0,"9":0,"10":0,"11":1,"12":0,"13":0,"14":0,"15":1,"16":0,"17":0,"18":0,"19":0,"20":0,"21":1,"22":0,"23":0,"24":0,"25":0,"26":0,"27":0,"28":0,"29":0,"30":0,"31":0,"32":0,"33":0},"b":{"1":[0,0],"2":[0,0],"3":[0,0],"4":[0,0],"5":[0,0],"6":[0,0]},"f":{"1":0,"2":0,"3":0,"4":0,"5":0,"6":0,"7":0,"8":0,"9":0},"fnMap":{"1":{"name":"(anonymous_1)","line":10,"loc":{"start":{"line":10,"column":27},"end":{"line":10,"column":53}}},"2":{"name":"(anonymous_2)","line":20,"loc":{"start":{"line":20,"column":26},"end":{"line":20,"column":44}}},"3":{"name":"(anonymous_3)","line":25,"loc":{"start":{"line":25,"column":10},"end":{"line":25,"column":24}}},"4":{"name":"(anonymous_4)","line":35,"loc":{"start":{"line":35,"column":23},"end":{"line":35,"column":40}}},"5":{"name":"(anonymous_5)","line":42,"loc":{"start":{"line":42,"column":9},"end":{"line":42,"column":24}}},"6":{"name":"(anonymous_6)","line":57,"loc":{"start":{"line":57,"column":21},"end":{"line":57,"column":39}}},"7":{"name":"(anonymous_7)","line":67,"loc":{"start":{"line":67,"column":16},"end":{"line":67,"column":32}}},"8":{"name":"(anonymous_8)","line":78,"loc":{"start":{"line":78,"column":24},"end":{"line":78,"column":41}}},"9":{"name":"(anonymous_9)","line":80,"loc":{"start":{"line":80,"column":38},"end":{"line":80,"column":50}}}},"statementMap":{"1":{"start":{"line":5,"column":0},"end":{"line":5,"column":35}},"2":{"start":{"line":6,"column":0},"end":{"line":6,"column":23}},"3":{"start":{"line":7,"column":0},"end":{"line":7,"column":35}},"4":{"start":{"line":8,"column":0},"end":{"line":8,"column":47}},"5":{"start":{"line":10,"column":0},"end":{"line":18,"column":2}},"6":{"start":{"line":11,"column":1},"end":{"line":11,"column":48}},"7":{"start":{"line":12,"column":1},"end":{"line":17,"column":2}},"8":{"start":{"line":13,"column":2},"end":{"line":13,"column":26}},"9":{"start":{"line":14,"column":2},"end":{"line":14,"column":9}},"10":{"start":{"line":16,"column":2},"end":{"line":16,"column":16}},"11":{"start":{"line":20,"column":0},"end":{"line":33,"column":2}},"12":{"start":{"line":21,"column":2},"end":{"line":32,"column":4}},"13":{"start":{"line":26,"column":3},"end":{"line":31,"column":4}},"14":{"start":{"line":27,"column":4},"end":{"line":30,"column":7}},"15":{"start":{"line":35,"column":0},"end":{"line":55,"column":2}},"16":{"start":{"line":36,"column":4},"end":{"line":36,"column":26}},"17":{"start":{"line":37,"column":1},"end":{"line":54,"column":4}},"18":{"start":{"line":43,"column":2},"end":{"line":53,"column":3}},"19":{"start":{"line":44,"column":3},"end":{"line":47,"column":6}},"20":{"start":{"line":49,"column":3},"end":{"line":52,"column":6}},"21":{"start":{"line":57,"column":0},"end":{"line":95,"column":2}},"22":{"start":{"line":58,"column":4},"end":{"line":58,"column":35}},"23":{"start":{"line":59,"column":4},"end":{"line":59,"column":33}},"24":{"start":{"line":60,"column":4},"end":{"line":60,"column":31}},"25":{"start":{"line":61,"column":4},"end":{"line":94,"column":5}},"26":{"start":{"line":62,"column":8},"end":{"line":88,"column":11}},"27":{"start":{"line":68,"column":12},"end":{"line":87,"column":13}},"28":{"start":{"line":69,"column":16},"end":{"line":72,"column":19}},"29":{"start":{"line":74,"column":16},"end":{"line":86,"column":19}},"30":{"start":{"line":79,"column":20},"end":{"line":79,"column":62}},"31":{"start":{"line":80,"column":20},"end":{"line":85,"column":23}},"32":{"start":{"line":81,"column":24},"end":{"line":84,"column":27}},"33":{"start":{"line":90,"column":8},"end":{"line":93,"column":11}}},"branchMap":{"1":{"line":12,"type":"if","locations":[{"start":{"line":12,"column":1},"end":{"line":12,"column":1}},{"start":{"line":12,"column":1},"end":{"line":12,"column":1}}]},"2":{"line":26,"type":"if","locations":[{"start":{"line":26,"column":3},"end":{"line":26,"column":3}},{"start":{"line":26,"column":3},"end":{"line":26,"column":3}}]},"3":{"line":43,"type":"if","locations":[{"start":{"line":43,"column":2},"end":{"line":43,"column":2}},{"start":{"line":43,"column":2},"end":{"line":43,"column":2}}]},"4":{"line":61,"type":"if","locations":[{"start":{"line":61,"column":4},"end":{"line":61,"column":4}},{"start":{"line":61,"column":4},"end":{"line":61,"column":4}}]},"5":{"line":61,"type":"binary-expr","locations":[{"start":{"line":61,"column":7},"end":{"line":61,"column":19}},{"start":{"line":61,"column":21},"end":{"line":61,"column":32}}]},"6":{"line":68,"type":"if","locations":[{"start":{"line":68,"column":12},"end":{"line":68,"column":12}},{"start":{"line":68,"column":12},"end":{"line":68,"column":12}}]}}},"/Users/liutianyuan/Desktop/cs5356/cuisine/cuisine/controllers/search.js":{"path":"/Users/liutianyuan/Desktop/cs5356/cuisine/cuisine/controllers/search.js","s":{"1":1,"2":1,"3":1,"4":1,"5":1,"6":1,"7":0,"8":0,"9":0,"10":0,"11":0,"12":0,"13":0,"14":0,"15":0,"16":0,"17":0,"18":1,"19":0,"20":0,"21":0,"22":0,"23":0,"24":1,"25":1,"26":1,"27":0,"28":0,"29":0,"30":0,"31":0,"32":0,"33":0,"34":0,"35":0,"36":0,"37":0,"38":0,"39":0,"40":0,"41":0,"42":0,"43":0,"44":0,"45":0,"46":0,"47":0,"48":0,"49":0,"50":0,"51":0,"52":1,"53":1,"54":1,"55":0,"56":1,"57":0,"58":0,"59":0,"60":0,"61":0,"62":0,"63":0,"64":0},"b":{"1":[0,0],"2":[0,0],"3":[0,0],"4":[0,0],"5":[0,0],"6":[0,0],"7":[0,0],"8":[0,0],"9":[0,0],"10":[0,0],"11":[0,0],"12":[0,0],"13":[0,0]},"f":{"1":0,"2":0,"3":0,"4":0,"5":0,"6":0,"7":0,"8":0,"9":0,"10":0,"11":0,"12":0},"fnMap":{"1":{"name":"(anonymous_1)","line":16,"loc":{"start":{"line":16,"column":22},"end":{"line":16,"column":41}}},"2":{"name":"(anonymous_2)","line":23,"loc":{"start":{"line":23,"column":66},"end":{"line":23,"column":88}}},"3":{"name":"(anonymous_3)","line":44,"loc":{"start":{"line":44,"column":17},"end":{"line":44,"column":34}}},"4":{"name":"(anonymous_4)","line":46,"loc":{"start":{"line":46,"column":25},"end":{"line":46,"column":40}}},"5":{"name":"(anonymous_5)","line":61,"loc":{"start":{"line":61,"column":28},"end":{"line":61,"column":53}}},"6":{"name":"(anonymous_6)","line":75,"loc":{"start":{"line":75,"column":15},"end":{"line":75,"column":48}}},"7":{"name":"(anonymous_7)","line":81,"loc":{"start":{"line":81,"column":36},"end":{"line":81,"column":59}}},"8":{"name":"(anonymous_8)","line":88,"loc":{"start":{"line":88,"column":97},"end":{"line":88,"column":118}}},"9":{"name":"(anonymous_9)","line":104,"loc":{"start":{"line":104,"column":27},"end":{"line":104,"column":51}}},"10":{"name":"(anonymous_10)","line":121,"loc":{"start":{"line":121,"column":21},"end":{"line":121,"column":32}}},"11":{"name":"(anonymous_11)","line":125,"loc":{"start":{"line":125,"column":23},"end":{"line":125,"column":45}}},"12":{"name":"(anonymous_12)","line":129,"loc":{"start":{"line":129,"column":19},"end":{"line":129,"column":39}}}},"statementMap":{"1":{"start":{"line":5,"column":0},"end":{"line":5,"column":30}},"2":{"start":{"line":6,"column":0},"end":{"line":6,"column":39}},"3":{"start":{"line":7,"column":0},"end":{"line":7,"column":44}},"4":{"start":{"line":8,"column":0},"end":{"line":8,"column":29}},"5":{"start":{"line":9,"column":0},"end":{"line":14,"column":3}},"6":{"start":{"line":16,"column":0},"end":{"line":42,"column":2}},"7":{"start":{"line":17,"column":4},"end":{"line":17,"column":30}},"8":{"start":{"line":18,"column":4},"end":{"line":20,"column":5}},"9":{"start":{"line":19,"column":8},"end":{"line":19,"column":22}},"10":{"start":{"line":22,"column":4},"end":{"line":22,"column":20}},"11":{"start":{"line":23,"column":4},"end":{"line":39,"column":7}},"12":{"start":{"line":24,"column":8},"end":{"line":26,"column":9}},"13":{"start":{"line":25,"column":12},"end":{"line":25,"column":31}},"14":{"start":{"line":28,"column":8},"end":{"line":37,"column":9}},"15":{"start":{"line":29,"column":12},"end":{"line":35,"column":14}},"16":{"start":{"line":36,"column":12},"end":{"line":36,"column":26}},"17":{"start":{"line":41,"column":4},"end":{"line":41,"column":34}},"18":{"start":{"line":44,"column":0},"end":{"line":50,"column":2}},"19":{"start":{"line":45,"column":4},"end":{"line":45,"column":27}},"20":{"start":{"line":45,"column":17},"end":{"line":45,"column":27}},"21":{"start":{"line":46,"column":4},"end":{"line":48,"column":7}},"22":{"start":{"line":47,"column":8},"end":{"line":47,"column":23}},"23":{"start":{"line":49,"column":4},"end":{"line":49,"column":25}},"24":{"start":{"line":53,"column":0},"end":{"line":56,"column":2}},"25":{"start":{"line":58,"column":0},"end":{"line":58,"column":31}},"26":{"start":{"line":61,"column":0},"end":{"line":117,"column":2}},"27":{"start":{"line":62,"column":4},"end":{"line":62,"column":30}},"28":{"start":{"line":64,"column":4},"end":{"line":64,"column":33}},"29":{"start":{"line":66,"column":4},"end":{"line":116,"column":5}},"30":{"start":{"line":67,"column":8},"end":{"line":67,"column":22}},"31":{"start":{"line":70,"column":8},"end":{"line":115,"column":10}},"32":{"start":{"line":76,"column":16},"end":{"line":113,"column":17}},"33":{"start":{"line":77,"column":20},"end":{"line":77,"column":41}},"34":{"start":{"line":78,"column":23},"end":{"line":113,"column":17}},"35":{"start":{"line":79,"column":20},"end":{"line":79,"column":47}},"36":{"start":{"line":81,"column":20},"end":{"line":111,"column":22}},"37":{"start":{"line":83,"column":28},"end":{"line":86,"column":30}},"38":{"start":{"line":88,"column":28},"end":{"line":103,"column":31}},"39":{"start":{"line":89,"column":32},"end":{"line":100,"column":33}},"40":{"start":{"line":90,"column":36},"end":{"line":90,"column":53}},"41":{"start":{"line":92,"column":40},"end":{"line":92,"column":72}},"42":{"start":{"line":93,"column":40},"end":{"line":93,"column":115}},"43":{"start":{"line":94,"column":40},"end":{"line":94,"column":112}},"44":{"start":{"line":95,"column":40},"end":{"line":96,"column":43}},"45":{"start":{"line":97,"column":40},"end":{"line":97,"column":112}},"46":{"start":{"line":99,"column":40},"end":{"line":99,"column":88}},"47":{"start":{"line":102,"column":32},"end":{"line":102,"column":52}},"48":{"start":{"line":105,"column":28},"end":{"line":105,"column":58}},"49":{"start":{"line":106,"column":28},"end":{"line":106,"column":65}},"50":{"start":{"line":108,"column":28},"end":{"line":108,"column":77}},"51":{"start":{"line":109,"column":28},"end":{"line":109,"column":42}},"52":{"start":{"line":119,"column":0},"end":{"line":119,"column":29}},"53":{"start":{"line":120,"column":0},"end":{"line":120,"column":34}},"54":{"start":{"line":121,"column":0},"end":{"line":123,"column":3}},"55":{"start":{"line":122,"column":4},"end":{"line":122,"column":35}},"56":{"start":{"line":125,"column":0},"end":{"line":143,"column":2}},"57":{"start":{"line":126,"column":4},"end":{"line":126,"column":29}},"58":{"start":{"line":129,"column":4},"end":{"line":142,"column":7}},"59":{"start":{"line":131,"column":8},"end":{"line":141,"column":9}},"60":{"start":{"line":132,"column":12},"end":{"line":132,"column":29}},"61":{"start":{"line":134,"column":12},"end":{"line":140,"column":13}},"62":{"start":{"line":136,"column":16},"end":{"line":136,"column":65}},"63":{"start":{"line":137,"column":16},"end":{"line":137,"column":32}},"64":{"start":{"line":139,"column":16},"end":{"line":139,"column":23}}},"branchMap":{"1":{"line":18,"type":"if","locations":[{"start":{"line":18,"column":4},"end":{"line":18,"column":4}},{"start":{"line":18,"column":4},"end":{"line":18,"column":4}}]},"2":{"line":24,"type":"if","locations":[{"start":{"line":24,"column":8},"end":{"line":24,"column":8}},{"start":{"line":24,"column":8},"end":{"line":24,"column":8}}]},"3":{"line":45,"type":"if","locations":[{"start":{"line":45,"column":4},"end":{"line":45,"column":4}},{"start":{"line":45,"column":4},"end":{"line":45,"column":4}}]},"4":{"line":66,"type":"if","locations":[{"start":{"line":66,"column":4},"end":{"line":66,"column":4}},{"start":{"line":66,"column":4},"end":{"line":66,"column":4}}]},"5":{"line":76,"type":"if","locations":[{"start":{"line":76,"column":16},"end":{"line":76,"column":16}},{"start":{"line":76,"column":16},"end":{"line":76,"column":16}}]},"6":{"line":78,"type":"if","locations":[{"start":{"line":78,"column":23},"end":{"line":78,"column":23}},{"start":{"line":78,"column":23},"end":{"line":78,"column":23}}]},"7":{"line":89,"type":"if","locations":[{"start":{"line":89,"column":32},"end":{"line":89,"column":32}},{"start":{"line":89,"column":32},"end":{"line":89,"column":32}}]},"8":{"line":93,"type":"cond-expr","locations":[{"start":{"line":93,"column":86},"end":{"line":93,"column":109}},{"start":{"line":93,"column":112},"end":{"line":93,"column":114}}]},"9":{"line":94,"type":"cond-expr","locations":[{"start":{"line":94,"column":75},"end":{"line":94,"column":106}},{"start":{"line":94,"column":109},"end":{"line":94,"column":111}}]},"10":{"line":95,"type":"cond-expr","locations":[{"start":{"line":95,"column":79},"end":{"line":95,"column":120}},{"start":{"line":96,"column":40},"end":{"line":96,"column":42}}]},"11":{"line":97,"type":"cond-expr","locations":[{"start":{"line":97,"column":79},"end":{"line":97,"column":106}},{"start":{"line":97,"column":109},"end":{"line":97,"column":111}}]},"12":{"line":131,"type":"if","locations":[{"start":{"line":131,"column":8},"end":{"line":131,"column":8}},{"start":{"line":131,"column":8},"end":{"line":131,"column":8}}]},"13":{"line":134,"type":"if","locations":[{"start":{"line":134,"column":12},"end":{"line":134,"column":12}},{"start":{"line":134,"column":12},"end":{"line":134,"column":12}}]}}},"/Users/liutianyuan/Desktop/cs5356/cuisine/cuisine/controllers/Utils.js":{"path":"/Users/liutianyuan/Desktop/cs5356/cuisine/cuisine/controllers/Utils.js","s":{"1":1,"2":1,"3":1,"4":1,"5":1,"6":1,"7":1,"8":0,"9":0,"10":0,"11":1,"12":0,"13":0,"14":0,"15":0,"16":1,"17":0,"18":0,"19":1,"20":0,"21":0,"22":0,"23":0,"24":0,"25":0,"26":0,"27":0,"28":0,"29":0,"30":0,"31":1,"32":0,"33":0,"34":0,"35":0,"36":0},"b":{"1":[0,0],"2":[0,0],"3":[0,0],"4":[0,0],"5":[0,0]},"f":{"1":0,"2":0,"3":0,"4":0,"5":0,"6":0},"fnMap":{"1":{"name":"(anonymous_1)","line":17,"loc":{"start":{"line":17,"column":17},"end":{"line":17,"column":37}}},"2":{"name":"(anonymous_2)","line":25,"loc":{"start":{"line":25,"column":20},"end":{"line":25,"column":39}}},"3":{"name":"(anonymous_3)","line":35,"loc":{"start":{"line":35,"column":22},"end":{"line":35,"column":38}}},"4":{"name":"(anonymous_4)","line":37,"loc":{"start":{"line":37,"column":24},"end":{"line":37,"column":39}}},"5":{"name":"(anonymous_5)","line":42,"loc":{"start":{"line":42,"column":15},"end":{"line":42,"column":31}}},"6":{"name":"(anonymous_6)","line":64,"loc":{"start":{"line":64,"column":21},"end":{"line":64,"column":41}}}},"statementMap":{"1":{"start":{"line":6,"column":0},"end":{"line":6,"column":25}},"2":{"start":{"line":7,"column":0},"end":{"line":7,"column":30}},"3":{"start":{"line":8,"column":0},"end":{"line":8,"column":39}},"4":{"start":{"line":11,"column":0},"end":{"line":11,"column":45}},"5":{"start":{"line":12,"column":0},"end":{"line":12,"column":20}},"6":{"start":{"line":13,"column":0},"end":{"line":13,"column":43}},"7":{"start":{"line":17,"column":0},"end":{"line":23,"column":2}},"8":{"start":{"line":18,"column":4},"end":{"line":20,"column":5}},"9":{"start":{"line":19,"column":8},"end":{"line":19,"column":18}},"10":{"start":{"line":22,"column":4},"end":{"line":22,"column":38}},"11":{"start":{"line":25,"column":0},"end":{"line":33,"column":2}},"12":{"start":{"line":26,"column":4},"end":{"line":28,"column":5}},"13":{"start":{"line":27,"column":8},"end":{"line":27,"column":18}},"14":{"start":{"line":30,"column":4},"end":{"line":30,"column":38}},"15":{"start":{"line":32,"column":4},"end":{"line":32,"column":15}},"16":{"start":{"line":35,"column":0},"end":{"line":40,"column":2}},"17":{"start":{"line":37,"column":4},"end":{"line":39,"column":7}},"18":{"start":{"line":38,"column":8},"end":{"line":38,"column":45}},"19":{"start":{"line":42,"column":0},"end":{"line":61,"column":2}},"20":{"start":{"line":43,"column":4},"end":{"line":45,"column":5}},"21":{"start":{"line":44,"column":8},"end":{"line":44,"column":18}},"22":{"start":{"line":47,"column":4},"end":{"line":47,"column":40}},"23":{"start":{"line":49,"column":4},"end":{"line":49,"column":17}},"24":{"start":{"line":50,"column":4},"end":{"line":58,"column":5}},"25":{"start":{"line":51,"column":8},"end":{"line":51,"column":40}},"26":{"start":{"line":52,"column":8},"end":{"line":52,"column":33}},"27":{"start":{"line":53,"column":8},"end":{"line":53,"column":32}},"28":{"start":{"line":55,"column":8},"end":{"line":57,"column":9}},"29":{"start":{"line":56,"column":12},"end":{"line":56,"column":27}},"30":{"start":{"line":60,"column":4},"end":{"line":60,"column":15}},"31":{"start":{"line":64,"column":0},"end":{"line":72,"column":2}},"32":{"start":{"line":65,"column":4},"end":{"line":67,"column":5}},"33":{"start":{"line":66,"column":8},"end":{"line":66,"column":18}},"34":{"start":{"line":68,"column":4},"end":{"line":68,"column":53}},"35":{"start":{"line":69,"column":4},"end":{"line":69,"column":32}},"36":{"start":{"line":71,"column":4},"end":{"line":71,"column":44}}},"branchMap":{"1":{"line":18,"type":"if","locations":[{"start":{"line":18,"column":4},"end":{"line":18,"column":4}},{"start":{"line":18,"column":4},"end":{"line":18,"column":4}}]},"2":{"line":26,"type":"if","locations":[{"start":{"line":26,"column":4},"end":{"line":26,"column":4}},{"start":{"line":26,"column":4},"end":{"line":26,"column":4}}]},"3":{"line":43,"type":"if","locations":[{"start":{"line":43,"column":4},"end":{"line":43,"column":4}},{"start":{"line":43,"column":4},"end":{"line":43,"column":4}}]},"4":{"line":55,"type":"if","locations":[{"start":{"line":55,"column":8},"end":{"line":55,"column":8}},{"start":{"line":55,"column":8},"end":{"line":55,"column":8}}]},"5":{"line":65,"type":"if","locations":[{"start":{"line":65,"column":4},"end":{"line":65,"column":4}},{"start":{"line":65,"column":4},"end":{"line":65,"column":4}}]}}}}